[debug] [2025-07-18T20:02:23.168Z] ----------------------------------------------------------------------
[debug] [2025-07-18T20:02:23.173Z] Command:       /usr/local/bin/node /usr/local/bin/firebase deploy
[debug] [2025-07-18T20:02:23.173Z] CLI Version:   14.11.0
[debug] [2025-07-18T20:02:23.173Z] Platform:      darwin
[debug] [2025-07-18T20:02:23.173Z] Node Version:  v23.2.0
[debug] [2025-07-18T20:02:23.174Z] Time:          Fri Jul 18 2025 21:02:23 GMT+0100 (British Summer Time)
[debug] [2025-07-18T20:02:23.174Z] ----------------------------------------------------------------------
[debug] 
[debug] [2025-07-18T20:02:23.290Z] > command requires scopes: ["email","openid","https://www.googleapis.com/auth/cloudplatformprojects.readonly","https://www.googleapis.com/auth/firebase","https://www.googleapis.com/auth/cloud-platform"]
[debug] [2025-07-18T20:02:23.290Z] > authorizing via signed-in user (jacktolley.1007@gmail.com)
[debug] [2025-07-18T20:02:23.290Z] [iam] checking project healthoverview-info for permissions ["firebase.projects.get","firebasehosting.sites.update"]
[debug] [2025-07-18T20:02:23.291Z] Checked if tokens are valid: true, expires at: 1752872211870
[debug] [2025-07-18T20:02:23.291Z] Checked if tokens are valid: true, expires at: 1752872211870
[debug] [2025-07-18T20:02:23.292Z] >>> [apiv2][query] POST https://cloudresourcemanager.googleapis.com/v1/projects/healthoverview-info:testIamPermissions [none]
[debug] [2025-07-18T20:02:23.292Z] >>> [apiv2][(partial)header] POST https://cloudresourcemanager.googleapis.com/v1/projects/healthoverview-info:testIamPermissions x-goog-quota-user=projects/healthoverview-info
[debug] [2025-07-18T20:02:23.292Z] >>> [apiv2][body] POST https://cloudresourcemanager.googleapis.com/v1/projects/healthoverview-info:testIamPermissions {"permissions":["firebase.projects.get","firebasehosting.sites.update"]}
[debug] [2025-07-18T20:02:23.938Z] <<< [apiv2][status] POST https://cloudresourcemanager.googleapis.com/v1/projects/healthoverview-info:testIamPermissions 200
[debug] [2025-07-18T20:02:23.938Z] <<< [apiv2][body] POST https://cloudresourcemanager.googleapis.com/v1/projects/healthoverview-info:testIamPermissions {"permissions":["firebase.projects.get","firebasehosting.sites.update"]}
[debug] [2025-07-18T20:02:23.939Z] Checked if tokens are valid: true, expires at: 1752872211870
[debug] [2025-07-18T20:02:23.939Z] Checked if tokens are valid: true, expires at: 1752872211870
[debug] [2025-07-18T20:02:23.939Z] >>> [apiv2][query] GET https://firebase.googleapis.com/v1beta1/projects/healthoverview-info [none]
[debug] [2025-07-18T20:02:24.159Z] <<< [apiv2][status] GET https://firebase.googleapis.com/v1beta1/projects/healthoverview-info 200
[debug] [2025-07-18T20:02:24.159Z] <<< [apiv2][body] GET https://firebase.googleapis.com/v1beta1/projects/healthoverview-info {"projectId":"healthoverview-info","projectNumber":"712121936430","displayName":"HealthOverview","name":"projects/healthoverview-info","resources":{"hostingSite":"healthoverview-info"},"state":"ACTIVE","etag":"1_bab96b1b-8b7c-4087-b90c-5b0f53b0ce8f"}
[info] 
[info] === Deploying to 'healthoverview-info'...
[info] 
[info] i  deploying hosting 
[debug] [2025-07-18T20:02:24.166Z] Checked if tokens are valid: true, expires at: 1752872211870
[debug] [2025-07-18T20:02:24.166Z] Checked if tokens are valid: true, expires at: 1752872211870
[debug] [2025-07-18T20:02:24.166Z] >>> [apiv2][query] POST https://firebasehosting.googleapis.com/v1beta1/projects/-/sites/healthoverview-info/versions [none]
[debug] [2025-07-18T20:02:24.166Z] >>> [apiv2][body] POST https://firebasehosting.googleapis.com/v1beta1/projects/-/sites/healthoverview-info/versions {"status":"CREATED","labels":{"deployment-tool":"cli-firebase"}}
